2013-10-24 13:09:58.558 HelloWorld[4376:c07] Multi-tasking -> Device: YES, App: YES
2013-10-24 13:09:58.730 HelloWorld[4376:c07] Resetting plugins due to page load.
2013-10-24 13:09:58.849 HelloWorld[4376:c07] Finished load of: file:///Users/picsoung/Library/Application%20Support/iPhone%20Simulator/6.1/Applications/D80BE2FD-3291-4BA3-87B4-383058A8E88F/HelloWorld.app/www/index.html
2013-10-24 13:47:01.001 HelloWorld[5148:c07] Multi-tasking -> Device: YES, App: YES
2013-10-24 13:47:01.228 HelloWorld[5148:c07] Resetting plugins due to page load.
2013-10-24 13:47:02.012 HelloWorld[5148:c07] Finished load of: file:///Users/picsoung/Library/Application%20Support/iPhone%20Simulator/6.1/Applications/D80BE2FD-3291-4BA3-87B4-383058A8E88F/HelloWorld.app/www/index.html
2013-10-24 13:49:16.109 HelloWorld[5627:c07] Multi-tasking -> Device: YES, App: YES
2013-10-24 13:49:16.255 HelloWorld[5627:c07] Resetting plugins due to page load.
2013-10-24 13:49:16.346 HelloWorld[5627:c07] Finished load of: file:///Users/picsoung/Library/Application%20Support/iPhone%20Simulator/6.1/Applications/D80BE2FD-3291-4BA3-87B4-383058A8E88F/HelloWorld.app/www/index.html
2013-10-24 13:55:07.892 HelloWorld[6219:c07] Multi-tasking -> Device: YES, App: YES
2013-10-24 13:55:07.994 HelloWorld[6219:c07] Resetting plugins due to page load.
2013-10-24 13:55:08.398 HelloWorld[6219:c07] Finished load of: file:///Users/picsoung/Library/Application%20Support/iPhone%20Simulator/6.1/Applications/D80BE2FD-3291-4BA3-87B4-383058A8E88F/HelloWorld.app/www/index.html
2013-10-24 14:29:15.086 HelloWorld[6219:2703] void SendDelegateMessage(NSInvocation *): delegate (webView:runJavaScriptAlertPanelWithMessage:initiatedByFrame:) failed to return after waiting 10 seconds. main run loop mode: kCFRunLoopDefaultMode
2013-10-24 14:30:48.390 HelloWorld[6984:c07] Multi-tasking -> Device: YES, App: YES
2013-10-24 14:30:48.492 HelloWorld[6984:c07] Resetting plugins due to page load.
2013-10-24 14:30:48.666 HelloWorld[6984:c07] Finished load of: file:///Users/picsoung/Library/Application%20Support/iPhone%20Simulator/6.1/Applications/D80BE2FD-3291-4BA3-87B4-383058A8E88F/HelloWorld.app/www/index.html
2013-10-24 14:33:25.114 HelloWorld[7470:c07] Multi-tasking -> Device: YES, App: YES
2013-10-24 14:33:25.300 HelloWorld[7470:c07] Resetting plugins due to page load.
2013-10-24 14:33:25.424 HelloWorld[7470:c07] Finished load of: file:///Users/picsoung/Library/Application%20Support/iPhone%20Simulator/6.1/Applications/D80BE2FD-3291-4BA3-87B4-383058A8E88F/HelloWorld.app/www/index.html
2013-10-24 15:02:02.360 HelloWorld[8234:c07] Multi-tasking -> Device: YES, App: YES
2013-10-24 15:02:02.514 HelloWorld[8234:c07] Resetting plugins due to page load.
2013-10-24 15:02:02.991 HelloWorld[8234:c07] Finished load of: file:///Users/picsoung/Library/Application%20Support/iPhone%20Simulator/6.1/Applications/D80BE2FD-3291-4BA3-87B4-383058A8E88F/HelloWorld.app/www/index.html
2013-10-24 15:03:10.935 HelloWorld[8697:c07] Multi-tasking -> Device: YES, App: YES
2013-10-24 15:03:11.111 HelloWorld[8697:c07] Resetting plugins due to page load.
2013-10-24 15:03:11.244 HelloWorld[8697:c07] Finished load of: file:///Users/picsoung/Library/Application%20Support/iPhone%20Simulator/6.1/Applications/D80BE2FD-3291-4BA3-87B4-383058A8E88F/HelloWorld.app/www/index.html
2013-10-24 15:05:08.981 HelloWorld[9164:c07] Multi-tasking -> Device: YES, App: YES
2013-10-24 15:05:09.111 HelloWorld[9164:c07] Resetting plugins due to page load.
2013-10-24 15:05:09.236 HelloWorld[9164:c07] Finished load of: file:///Users/picsoung/Library/Application%20Support/iPhone%20Simulator/6.1/Applications/D80BE2FD-3291-4BA3-87B4-383058A8E88F/HelloWorld.app/www/index.html
2013-10-24 15:06:49.502 HelloWorld[9632:c07] Multi-tasking -> Device: YES, App: YES
2013-10-24 15:06:49.533 HelloWorld[9632:c07] Resetting plugins due to page load.
2013-10-24 15:06:49.565 HelloWorld[9632:c07] Finished load of: file:///Users/picsoung/Library/Application%20Support/iPhone%20Simulator/6.1/Applications/D80BE2FD-3291-4BA3-87B4-383058A8E88F/HelloWorld.app/www/index.html
Terminating in response to SpringBoard's termination.
2013-10-24 16:58:57.399 HelloWorld[6109:a0b] Multi-tasking -> Device: YES, App: YES
2013-10-24 16:58:57.732 HelloWorld[6109:a0b] Resetting plugins due to page load.
2013-10-24 16:58:57.758 HelloWorld[6109:a0b] Finished load of: file:///Users/picsoung/Library/Application%20Support/iPhone%20Simulator/7.0.3/Applications/88FA5E31-88ED-4FC0-9E16-3DCB65BA565C/HelloWorld.app/www/index.html
2013-10-24 17:01:49.577 HelloWorld[6812:a0b] Multi-tasking -> Device: YES, App: YES
2013-10-24 17:01:49.746 HelloWorld[6812:a0b] Resetting plugins due to page load.
2013-10-24 17:01:50.270 HelloWorld[6812:a0b] Finished load of: file:///Users/picsoung/Library/Application%20Support/iPhone%20Simulator/7.0.3/Applications/88FA5E31-88ED-4FC0-9E16-3DCB65BA565C/HelloWorld.app/www/index.html
2013-10-24 17:10:49.335 HelloWorld[8835:a0b] Multi-tasking -> Device: YES, App: YES
2013-10-24 17:10:49.858 HelloWorld[8835:a0b] Resetting plugins due to page load.
2013-10-24 17:10:49.882 HelloWorld[8835:a0b] Finished load of: file:///Users/picsoung/Library/Application%20Support/iPhone%20Simulator/7.0.3/Applications/88FA5E31-88ED-4FC0-9E16-3DCB65BA565C/HelloWorld.app/www/index.html
2013-10-24 17:22:20.316 HelloWorld[11908:a0b] Multi-tasking -> Device: YES, App: YES
2013-10-24 17:22:20.978 HelloWorld[11908:a0b] Resetting plugins due to page load.
2013-10-24 17:22:21.484 HelloWorld[11908:a0b] Finished load of: file:///Users/picsoung/Library/Application%20Support/iPhone%20Simulator/7.0.3/Applications/88FA5E31-88ED-4FC0-9E16-3DCB65BA565C/HelloWorld.app/www/index.html
2013-10-24 17:23:52.512 HelloWorld[12399:a0b] Multi-tasking -> Device: YES, App: YES
2013-10-24 17:23:52.606 HelloWorld[12399:a0b] Resetting plugins due to page load.
2013-10-24 17:23:52.706 HelloWorld[12399:a0b] Finished load of: file:///Users/picsoung/Library/Application%20Support/iPhone%20Simulator/7.0.3/Applications/88FA5E31-88ED-4FC0-9E16-3DCB65BA565C/HelloWorld.app/www/index.html
2013-10-24 17:25:26.500 HelloWorld[12914:a0b] Multi-tasking -> Device: YES, App: YES
2013-10-24 17:25:28.190 HelloWorld[12914:a0b] Resetting plugins due to page load.
2013-10-24 17:25:28.212 HelloWorld[12914:a0b] Finished load of: file:///Users/picsoung/Library/Application%20Support/iPhone%20Simulator/7.0.3/Applications/88FA5E31-88ED-4FC0-9E16-3DCB65BA565C/HelloWorld.app/www/index.html
2013-10-24 17:34:52.627 HelloWorld[15146:a0b] Multi-tasking -> Device: YES, App: YES
2013-10-24 17:34:52.729 HelloWorld[15146:a0b] Resetting plugins due to page load.
2013-10-24 17:34:52.815 HelloWorld[15146:a0b] Finished load of: file:///Users/picsoung/Library/Application%20Support/iPhone%20Simulator/7.0.3/Applications/88FA5E31-88ED-4FC0-9E16-3DCB65BA565C/HelloWorld.app/www/index.html
2013-10-24 17:37:16.433 HelloWorld[15633:a0b] Multi-tasking -> Device: YES, App: YES
2013-10-24 17:37:16.599 HelloWorld[15633:a0b] Resetting plugins due to page load.
2013-10-24 17:37:16.814 HelloWorld[15633:a0b] Finished load of: file:///Users/picsoung/Library/Application%20Support/iPhone%20Simulator/7.0.3/Applications/177FAADF-EA3B-4878-AB5F-CE1973792D76/HelloWorld.app/www/index.html
